android_examples/build-simplegps-Android_Qt_5_12_6_Clang_armeabi_v7a_b6d8de-Debug/android-build/build/outputs/logs/manifest-merger-debug-report.txt
-- Merging decision tree log ---
manifest
ADDED from build-simplegps-Android_Qt_5_12_6_Clang_armeabi_v7a_b6d8de-Debug/android-build/AndroidManifest.xml:2:1-101:12
INJECTED from build-simplegps-Android_Qt_5_12_6_Clang_armeabi_v7a_b6d8de-Debug/android-build/AndroidManifest.xml:2:1-101:12
INJECTED from build-simplegps-Android_Qt_5_12_6_Clang_armeabi_v7a_b6d8de-Debug/android-build/AndroidManifest.xml:2:1-101:12
INJECTED from build-simplegps-Android_Qt_5_12_6_Clang_armeabi_v7a_b6d8de-Debug/android-build/AndroidManifest.xml:2:1-101:12
INJECTED from build-simplegps-Android_Qt_5_12_6_Clang_armeabi_v7a_b6d8de-Debug/android-build/AndroidManifest.xml:2:1-101:12
	package
		ADDED from build-simplegps-Android_Qt_5_12_6_Clang_armeabi_v7a_b6d8de-Debug/android-build/AndroidManifest.xml:2:11-42
	android:versionName
		ADDED from build-simplegps-Android_Qt_5_12_6_Clang_armeabi_v7a_b6d8de-Debug/android-build/AndroidManifest.xml:2:102-127
		INJECTED from build-simplegps-Android_Qt_5_12_6_Clang_armeabi_v7a_b6d8de-Debug/android-build/AndroidManifest.xml
		INJECTED from build-simplegps-Android_Qt_5_12_6_Clang_armeabi_v7a_b6d8de-Debug/android-build/AndroidManifest.xml
	xmlns:android
		ADDED from build-simplegps-Android_Qt_5_12_6_Clang_armeabi_v7a_b6d8de-Debug/android-build/AndroidManifest.xml:2:43-101
	android:versionCode
		ADDED from build-simplegps-Android_Qt_5_12_6_Clang_armeabi_v7a_b6d8de-Debug/android-build/AndroidManifest.xml:2:128-151
		INJECTED from build-simplegps-Android_Qt_5_12_6_Clang_armeabi_v7a_b6d8de-Debug/android-build/AndroidManifest.xml
		INJECTED from build-simplegps-Android_Qt_5_12_6_Clang_armeabi_v7a_b6d8de-Debug/android-build/AndroidManifest.xml
	android:installLocation
		ADDED from build-simplegps-Android_Qt_5_12_6_Clang_armeabi_v7a_b6d8de-Debug/android-build/AndroidManifest.xml:2:152-182
uses-sdk
ADDED from build-simplegps-Android_Qt_5_12_6_Clang_armeabi_v7a_b6d8de-Debug/android-build/AndroidManifest.xml:3:5-73
	android:targetSdkVersion
		ADDED from build-simplegps-Android_Qt_5_12_6_Clang_armeabi_v7a_b6d8de-Debug/android-build/AndroidManifest.xml:3:42-71
	android:minSdkVersion
		ADDED from build-simplegps-Android_Qt_5_12_6_Clang_armeabi_v7a_b6d8de-Debug/android-build/AndroidManifest.xml:3:15-41
uses-permission#android.permission.ACCESS_NETWORK_STATE
ADDED from build-simplegps-Android_Qt_5_12_6_Clang_armeabi_v7a_b6d8de-Debug/android-build/AndroidManifest.xml:7:9-83
	android:name
		ADDED from build-simplegps-Android_Qt_5_12_6_Clang_armeabi_v7a_b6d8de-Debug/android-build/AndroidManifest.xml:7:26-80
uses-permission#android.permission.INTERNET
ADDED from build-simplegps-Android_Qt_5_12_6_Clang_armeabi_v7a_b6d8de-Debug/android-build/AndroidManifest.xml:8:5-67
	android:name
		ADDED from build-simplegps-Android_Qt_5_12_6_Clang_armeabi_v7a_b6d8de-Debug/android-build/AndroidManifest.xml:8:22-64
uses-permission#android.permission.WRITE_EXTERNAL_STORAGE
ADDED from build-simplegps-Android_Qt_5_12_6_Clang_armeabi_v7a_b6d8de-Debug/android-build/AndroidManifest.xml:9:5-81
	android:name
		ADDED from build-simplegps-Android_Qt_5_12_6_Clang_armeabi_v7a_b6d8de-Debug/android-build/AndroidManifest.xml:9:22-78
uses-permission#android.permission.CAMERA
ADDED from build-simplegps-Android_Qt_5_12_6_Clang_armeabi_v7a_b6d8de-Debug/android-build/AndroidManifest.xml:10:5-65
	android:name
		ADDED from build-simplegps-Android_Qt_5_12_6_Clang_armeabi_v7a_b6d8de-Debug/android-build/AndroidManifest.xml:10:22-62
uses-permission#android.permission.RECORD_AUDIO
ADDED from build-simplegps-Android_Qt_5_12_6_Clang_armeabi_v7a_b6d8de-Debug/android-build/AndroidManifest.xml:11:5-71
	android:name
		ADDED from build-simplegps-Android_Qt_5_12_6_Clang_armeabi_v7a_b6d8de-Debug/android-build/AndroidManifest.xml:11:22-68
uses-permission#android.permission.ACCESS_FINE_LOCATION
ADDED from build-simplegps-Android_Qt_5_12_6_Clang_armeabi_v7a_b6d8de-Debug/android-build/AndroidManifest.xml:12:5-79
	android:name
		ADDED from build-simplegps-Android_Qt_5_12_6_Clang_armeabi_v7a_b6d8de-Debug/android-build/AndroidManifest.xml:12:22-76
uses-feature#android.hardware.camera
ADDED from build-simplegps-Android_Qt_5_12_6_Clang_armeabi_v7a_b6d8de-Debug/android-build/AndroidManifest.xml:17:9-89
	android:required
		ADDED from build-simplegps-Android_Qt_5_12_6_Clang_armeabi_v7a_b6d8de-Debug/android-build/AndroidManifest.xml:17:62-86
	android:name
		ADDED from build-simplegps-Android_Qt_5_12_6_Clang_armeabi_v7a_b6d8de-Debug/android-build/AndroidManifest.xml:17:23-61
uses-feature#android.hardware.camera.autofocus
ADDED from build-simplegps-Android_Qt_5_12_6_Clang_armeabi_v7a_b6d8de-Debug/android-build/AndroidManifest.xml:18:5-95
	android:required
		ADDED from build-simplegps-Android_Qt_5_12_6_Clang_armeabi_v7a_b6d8de-Debug/android-build/AndroidManifest.xml:18:68-92
	android:name
		ADDED from build-simplegps-Android_Qt_5_12_6_Clang_armeabi_v7a_b6d8de-Debug/android-build/AndroidManifest.xml:18:19-67
uses-feature#android.hardware.microphone
ADDED from build-simplegps-Android_Qt_5_12_6_Clang_armeabi_v7a_b6d8de-Debug/android-build/AndroidManifest.xml:19:5-89
	android:required
		ADDED from build-simplegps-Android_Qt_5_12_6_Clang_armeabi_v7a_b6d8de-Debug/android-build/AndroidManifest.xml:19:62-86
	android:name
		ADDED from build-simplegps-Android_Qt_5_12_6_Clang_armeabi_v7a_b6d8de-Debug/android-build/AndroidManifest.xml:19:19-61
uses-feature#0x00020000
ADDED from build-simplegps-Android_Qt_5_12_6_Clang_armeabi_v7a_b6d8de-Debug/android-build/AndroidManifest.xml:20:5-78
	android:glEsVersion
		ADDED from build-simplegps-Android_Qt_5_12_6_Clang_armeabi_v7a_b6d8de-Debug/android-build/AndroidManifest.xml:20:19-51
	android:required
		ADDED from build-simplegps-Android_Qt_5_12_6_Clang_armeabi_v7a_b6d8de-Debug/android-build/AndroidManifest.xml:20:52-75
supports-screens
ADDED from build-simplegps-Android_Qt_5_12_6_Clang_armeabi_v7a_b6d8de-Debug/android-build/AndroidManifest.xml:22:5-135
	android:largeScreens
		ADDED from build-simplegps-Android_Qt_5_12_6_Clang_armeabi_v7a_b6d8de-Debug/android-build/AndroidManifest.xml:22:23-50
	android:smallScreens
		ADDED from build-simplegps-Android_Qt_5_12_6_Clang_armeabi_v7a_b6d8de-Debug/android-build/AndroidManifest.xml:22:106-133
	android:normalScreens
		ADDED from build-simplegps-Android_Qt_5_12_6_Clang_armeabi_v7a_b6d8de-Debug/android-build/AndroidManifest.xml:22:51-79
	android:anyDensity
		ADDED from build-simplegps-Android_Qt_5_12_6_Clang_armeabi_v7a_b6d8de-Debug/android-build/AndroidManifest.xml:22:80-105
application
ADDED from build-simplegps-Android_Qt_5_12_6_Clang_armeabi_v7a_b6d8de-Debug/android-build/AndroidManifest.xml:24:5-99:19
	android:label
		ADDED from build-simplegps-Android_Qt_5_12_6_Clang_armeabi_v7a_b6d8de-Debug/android-build/AndroidManifest.xml:24:117-142
	android:hardwareAccelerated
		ADDED from build-simplegps-Android_Qt_5_12_6_Clang_armeabi_v7a_b6d8de-Debug/android-build/AndroidManifest.xml:24:18-52
	android:name
		ADDED from build-simplegps-Android_Qt_5_12_6_Clang_armeabi_v7a_b6d8de-Debug/android-build/AndroidManifest.xml:24:53-116
activity#org.qtproject.qt5.android.bindings.QtActivity
ADDED from build-simplegps-Android_Qt_5_12_6_Clang_armeabi_v7a_b6d8de-Debug/android-build/AndroidManifest.xml:25:9-95:16
	android:screenOrientation
		ADDED from build-simplegps-Android_Qt_5_12_6_Clang_armeabi_v7a_b6d8de-Debug/android-build/AndroidManifest.xml:28:19-58
	android:label
		ADDED from build-simplegps-Android_Qt_5_12_6_Clang_armeabi_v7a_b6d8de-Debug/android-build/AndroidManifest.xml:27:19-44
	android:launchMode
		ADDED from build-simplegps-Android_Qt_5_12_6_Clang_armeabi_v7a_b6d8de-Debug/android-build/AndroidManifest.xml:29:19-49
	android:configChanges
		ADDED from build-simplegps-Android_Qt_5_12_6_Clang_armeabi_v7a_b6d8de-Debug/android-build/AndroidManifest.xml:25:19-188
	android:name
		ADDED from build-simplegps-Android_Qt_5_12_6_Clang_armeabi_v7a_b6d8de-Debug/android-build/AndroidManifest.xml:26:19-79
intent-filter#action:name:android.intent.action.MAIN+category:name:android.intent.category.LAUNCHER
ADDED from build-simplegps-Android_Qt_5_12_6_Clang_armeabi_v7a_b6d8de-Debug/android-build/AndroidManifest.xml:30:13-33:29
action#android.intent.action.MAIN
ADDED from build-simplegps-Android_Qt_5_12_6_Clang_armeabi_v7a_b6d8de-Debug/android-build/AndroidManifest.xml:31:17-68
	android:name
		ADDED from build-simplegps-Android_Qt_5_12_6_Clang_armeabi_v7a_b6d8de-Debug/android-build/AndroidManifest.xml:31:25-66
category#android.intent.category.LAUNCHER
ADDED from build-simplegps-Android_Qt_5_12_6_Clang_armeabi_v7a_b6d8de-Debug/android-build/AndroidManifest.xml:32:17-76
	android:name
		ADDED from build-simplegps-Android_Qt_5_12_6_Clang_armeabi_v7a_b6d8de-Debug/android-build/AndroidManifest.xml:32:27-74
meta-data#android.app.lib_name
ADDED from build-simplegps-Android_Qt_5_12_6_Clang_armeabi_v7a_b6d8de-Debug/android-build/AndroidManifest.xml:39:13-87
	android:value
		ADDED from build-simplegps-Android_Qt_5_12_6_Clang_armeabi_v7a_b6d8de-Debug/android-build/AndroidManifest.xml:39:60-85
	android:name
		ADDED from build-simplegps-Android_Qt_5_12_6_Clang_armeabi_v7a_b6d8de-Debug/android-build/AndroidManifest.xml:39:24-59
meta-data#android.app.qt_sources_resource_id
ADDED from build-simplegps-Android_Qt_5_12_6_Clang_armeabi_v7a_b6d8de-Debug/android-build/AndroidManifest.xml:40:13-112
	android:resource
		ADDED from build-simplegps-Android_Qt_5_12_6_Clang_armeabi_v7a_b6d8de-Debug/android-build/AndroidManifest.xml:40:74-110
	android:name
		ADDED from build-simplegps-Android_Qt_5_12_6_Clang_armeabi_v7a_b6d8de-Debug/android-build/AndroidManifest.xml:40:24-73
meta-data#android.app.repository
ADDED from build-simplegps-Android_Qt_5_12_6_Clang_armeabi_v7a_b6d8de-Debug/android-build/AndroidManifest.xml:41:13-87
	android:value
		ADDED from build-simplegps-Android_Qt_5_12_6_Clang_armeabi_v7a_b6d8de-Debug/android-build/AndroidManifest.xml:41:62-85
	android:name
		ADDED from build-simplegps-Android_Qt_5_12_6_Clang_armeabi_v7a_b6d8de-Debug/android-build/AndroidManifest.xml:41:24-61
meta-data#android.app.qt_libs_resource_id
ADDED from build-simplegps-Android_Qt_5_12_6_Clang_armeabi_v7a_b6d8de-Debug/android-build/AndroidManifest.xml:42:13-106
	android:resource
		ADDED from build-simplegps-Android_Qt_5_12_6_Clang_armeabi_v7a_b6d8de-Debug/android-build/AndroidManifest.xml:42:71-104
	android:name
		ADDED from build-simplegps-Android_Qt_5_12_6_Clang_armeabi_v7a_b6d8de-Debug/android-build/AndroidManifest.xml:42:24-70
meta-data#android.app.bundled_libs_resource_id
ADDED from build-simplegps-Android_Qt_5_12_6_Clang_armeabi_v7a_b6d8de-Debug/android-build/AndroidManifest.xml:43:13-116
	android:resource
		ADDED from build-simplegps-Android_Qt_5_12_6_Clang_armeabi_v7a_b6d8de-Debug/android-build/AndroidManifest.xml:43:76-114
	android:name
		ADDED from build-simplegps-Android_Qt_5_12_6_Clang_armeabi_v7a_b6d8de-Debug/android-build/AndroidManifest.xml:43:24-75
meta-data#android.app.bundle_local_qt_libs
ADDED from build-simplegps-Android_Qt_5_12_6_Clang_armeabi_v7a_b6d8de-Debug/android-build/AndroidManifest.xml:45:13-91
	android:value
		ADDED from build-simplegps-Android_Qt_5_12_6_Clang_armeabi_v7a_b6d8de-Debug/android-build/AndroidManifest.xml:45:72-89
	android:name
		ADDED from build-simplegps-Android_Qt_5_12_6_Clang_armeabi_v7a_b6d8de-Debug/android-build/AndroidManifest.xml:45:24-71
meta-data#android.app.bundled_in_lib_resource_id
ADDED from build-simplegps-Android_Qt_5_12_6_Clang_armeabi_v7a_b6d8de-Debug/android-build/AndroidManifest.xml:46:13-120
	android:resource
		ADDED from build-simplegps-Android_Qt_5_12_6_Clang_armeabi_v7a_b6d8de-Debug/android-build/AndroidManifest.xml:46:78-118
	android:name
		ADDED from build-simplegps-Android_Qt_5_12_6_Clang_armeabi_v7a_b6d8de-Debug/android-build/AndroidManifest.xml:46:24-77
meta-data#android.app.bundled_in_assets_resource_id
ADDED from build-simplegps-Android_Qt_5_12_6_Clang_armeabi_v7a_b6d8de-Debug/android-build/AndroidManifest.xml:47:13-126
	android:resource
		ADDED from build-simplegps-Android_Qt_5_12_6_Clang_armeabi_v7a_b6d8de-Debug/android-build/AndroidManifest.xml:47:81-124
	android:name
		ADDED from build-simplegps-Android_Qt_5_12_6_Clang_armeabi_v7a_b6d8de-Debug/android-build/AndroidManifest.xml:47:24-80
meta-data#android.app.use_local_qt_libs
ADDED from build-simplegps-Android_Qt_5_12_6_Clang_armeabi_v7a_b6d8de-Debug/android-build/AndroidManifest.xml:49:13-88
	android:value
		ADDED from build-simplegps-Android_Qt_5_12_6_Clang_armeabi_v7a_b6d8de-Debug/android-build/AndroidManifest.xml:49:69-86
	android:name
		ADDED from build-simplegps-Android_Qt_5_12_6_Clang_armeabi_v7a_b6d8de-Debug/android-build/AndroidManifest.xml:49:24-68
meta-data#android.app.libs_prefix
ADDED from build-simplegps-Android_Qt_5_12_6_Clang_armeabi_v7a_b6d8de-Debug/android-build/AndroidManifest.xml:50:13-100
	android:value
		ADDED from build-simplegps-Android_Qt_5_12_6_Clang_armeabi_v7a_b6d8de-Debug/android-build/AndroidManifest.xml:50:63-98
	android:name
		ADDED from build-simplegps-Android_Qt_5_12_6_Clang_armeabi_v7a_b6d8de-Debug/android-build/AndroidManifest.xml:50:24-62
meta-data#android.app.load_local_libs
ADDED from build-simplegps-Android_Qt_5_12_6_Clang_armeabi_v7a_b6d8de-Debug/android-build/AndroidManifest.xml:51:13-307
	android:value
		ADDED from build-simplegps-Android_Qt_5_12_6_Clang_armeabi_v7a_b6d8de-Debug/android-build/AndroidManifest.xml:51:67-305
	android:name
		ADDED from build-simplegps-Android_Qt_5_12_6_Clang_armeabi_v7a_b6d8de-Debug/android-build/AndroidManifest.xml:51:24-66
meta-data#android.app.load_local_jars
ADDED from build-simplegps-Android_Qt_5_12_6_Clang_armeabi_v7a_b6d8de-Debug/android-build/AndroidManifest.xml:52:13-169
	android:value
		ADDED from build-simplegps-Android_Qt_5_12_6_Clang_armeabi_v7a_b6d8de-Debug/android-build/AndroidManifest.xml:52:67-167
	android:name
		ADDED from build-simplegps-Android_Qt_5_12_6_Clang_armeabi_v7a_b6d8de-Debug/android-build/AndroidManifest.xml:52:24-66
meta-data#android.app.static_init_classes
ADDED from build-simplegps-Android_Qt_5_12_6_Clang_armeabi_v7a_b6d8de-Debug/android-build/AndroidManifest.xml:53:13-195
	android:value
		ADDED from build-simplegps-Android_Qt_5_12_6_Clang_armeabi_v7a_b6d8de-Debug/android-build/AndroidManifest.xml:53:71-193
	android:name
		ADDED from build-simplegps-Android_Qt_5_12_6_Clang_armeabi_v7a_b6d8de-Debug/android-build/AndroidManifest.xml:53:24-70
meta-data#android.app.ministro_not_found_msg
ADDED from build-simplegps-Android_Qt_5_12_6_Clang_armeabi_v7a_b6d8de-Debug/android-build/AndroidManifest.xml:57:13-122
	android:value
		ADDED from build-simplegps-Android_Qt_5_12_6_Clang_armeabi_v7a_b6d8de-Debug/android-build/AndroidManifest.xml:57:24-70
	android:name
		ADDED from build-simplegps-Android_Qt_5_12_6_Clang_armeabi_v7a_b6d8de-Debug/android-build/AndroidManifest.xml:57:71-120
meta-data#android.app.ministro_needed_msg
ADDED from build-simplegps-Android_Qt_5_12_6_Clang_armeabi_v7a_b6d8de-Debug/android-build/AndroidManifest.xml:58:13-116
	android:value
		ADDED from build-simplegps-Android_Qt_5_12_6_Clang_armeabi_v7a_b6d8de-Debug/android-build/AndroidManifest.xml:58:24-67
	android:name
		ADDED from build-simplegps-Android_Qt_5_12_6_Clang_armeabi_v7a_b6d8de-Debug/android-build/AndroidManifest.xml:58:68-114
meta-data#android.app.fatal_error_msg
ADDED from build-simplegps-Android_Qt_5_12_6_Clang_armeabi_v7a_b6d8de-Debug/android-build/AndroidManifest.xml:59:13-108
	android:value
		ADDED from build-simplegps-Android_Qt_5_12_6_Clang_armeabi_v7a_b6d8de-Debug/android-build/AndroidManifest.xml:59:24-63
	android:name
		ADDED from build-simplegps-Android_Qt_5_12_6_Clang_armeabi_v7a_b6d8de-Debug/android-build/AndroidManifest.xml:59:64-106
meta-data#android.app.unsupported_android_version
ADDED from build-simplegps-Android_Qt_5_12_6_Clang_armeabi_v7a_b6d8de-Debug/android-build/AndroidManifest.xml:60:13-132
	android:value
		ADDED from build-simplegps-Android_Qt_5_12_6_Clang_armeabi_v7a_b6d8de-Debug/android-build/AndroidManifest.xml:60:24-75
	android:name
		ADDED from build-simplegps-Android_Qt_5_12_6_Clang_armeabi_v7a_b6d8de-Debug/android-build/AndroidManifest.xml:60:76-130
meta-data#android.app.background_running
ADDED from build-simplegps-Android_Qt_5_12_6_Clang_armeabi_v7a_b6d8de-Debug/android-build/AndroidManifest.xml:79:13-93
	android:value
		ADDED from build-simplegps-Android_Qt_5_12_6_Clang_armeabi_v7a_b6d8de-Debug/android-build/AndroidManifest.xml:79:70-91
	android:name
		ADDED from build-simplegps-Android_Qt_5_12_6_Clang_armeabi_v7a_b6d8de-Debug/android-build/AndroidManifest.xml:79:24-69
meta-data#android.app.auto_screen_scale_factor
ADDED from build-simplegps-Android_Qt_5_12_6_Clang_armeabi_v7a_b6d8de-Debug/android-build/AndroidManifest.xml:83:13-99
	android:value
		ADDED from build-simplegps-Android_Qt_5_12_6_Clang_armeabi_v7a_b6d8de-Debug/android-build/AndroidManifest.xml:83:76-97
	android:name
		ADDED from build-simplegps-Android_Qt_5_12_6_Clang_armeabi_v7a_b6d8de-Debug/android-build/AndroidManifest.xml:83:24-75
meta-data#android.app.extract_android_style
ADDED from build-simplegps-Android_Qt_5_12_6_Clang_armeabi_v7a_b6d8de-Debug/android-build/AndroidManifest.xml:93:13-98
	android:value
		ADDED from build-simplegps-Android_Qt_5_12_6_Clang_armeabi_v7a_b6d8de-Debug/android-build/AndroidManifest.xml:93:73-96
	android:name
		ADDED from build-simplegps-Android_Qt_5_12_6_Clang_armeabi_v7a_b6d8de-Debug/android-build/AndroidManifest.xml:93:24-72